Log file open, 11/27/19 19:06:08
LogWindows: Failed to load 'aqProf.dll' (GetLastError=126)
LogWindows: File 'aqProf.dll' does not exist
LogWindows: Failed to load 'VtuneApi.dll' (GetLastError=126)
LogWindows: File 'VtuneApi.dll' does not exist
LogWindows: Failed to load 'VtuneApi32e.dll' (GetLastError=126)
LogWindows: File 'VtuneApi32e.dll' does not exist
LogConsoleResponse: Display: Failed to find resolution value strings in scalability ini. Falling back to default.
LogInit: Display: Running engine for game: Reactive_Water
LogPlatformFile: Not using cached read wrapper
LogTaskGraph: Started task graph with 5 named threads and 35 total threads with 3 sets of task threads.
LogStats: Stats thread started at 0.065780
LogD3D11RHI: Loaded GFSDK_Aftermath_Lib.x64.dll
LogICUInternationalization: ICU TimeZone Detection - Raw Offset: +9:00, Platform Override: ''
LogPluginManager: Mounting plugin Paper2D
LogPluginManager: Mounting plugin AISupport
LogPluginManager: Mounting plugin LightPropagationVolume
LogPluginManager: Mounting plugin ActorLayerUtilities
LogPluginManager: Mounting plugin AnimationSharing
LogPluginManager: Mounting plugin CLionSourceCodeAccess
LogPluginManager: Mounting plugin CodeLiteSourceCodeAccess
LogPluginManager: Mounting plugin GitSourceControl
LogPluginManager: Mounting plugin KDevelopSourceCodeAccess
LogPluginManager: Mounting plugin NullSourceCodeAccess
LogPluginManager: Mounting plugin PerforceSourceControl
LogPluginManager: Mounting plugin PlasticSourceControl
LogPluginManager: Mounting plugin SubversionSourceControl
LogPluginManager: Mounting plugin UObjectPlugin
LogPluginManager: Mounting plugin VisualStudioCodeSourceCodeAccess
LogPluginManager: Mounting plugin VisualStudioSourceCodeAccess
LogPluginManager: Mounting plugin XCodeSourceCodeAccess
LogPluginManager: Mounting plugin AssetManagerEditor
LogPluginManager: Mounting plugin CryptoKeys
LogPluginManager: Mounting plugin CurveEditorTools
LogPluginManager: Mounting plugin DataValidation
LogPluginManager: Mounting plugin FacialAnimation
LogPluginManager: Mounting plugin GameplayTagsEditor
LogPluginManager: Mounting plugin MacGraphicsSwitching
LogPluginManager: Mounting plugin MaterialAnalyzer
LogPluginManager: Mounting plugin MobileLauncherProfileWizard
LogPluginManager: Mounting plugin PluginBrowser
LogPluginManager: Mounting plugin SpeedTreeImporter
LogPluginManager: Mounting plugin DatasmithContent
LogPluginManager: Mounting plugin VariantManagerContent
LogPluginManager: Mounting plugin AlembicImporter
LogPluginManager: Mounting plugin AutomationUtils
LogPluginManager: Mounting plugin BackChannel
LogPluginManager: Mounting plugin CharacterAI
LogPluginManager: Mounting plugin GeometryCache
LogPluginManager: Mounting plugin PlatformCrypto
LogPluginManager: Mounting plugin ProxyLODPlugin
LogPluginManager: Mounting plugin SkeletalReduction
LogPluginManager: Mounting plugin MagicLeap
LogPluginManager: Mounting plugin MagicLeapMedia
LogPluginManager: Mounting plugin MLSDK
LogPluginManager: Mounting plugin AndroidMedia
LogPluginManager: Mounting plugin AvfMedia
LogPluginManager: Mounting plugin ImgMedia
LogPluginManager: Mounting plugin MediaCompositing
LogPluginManager: Mounting plugin MediaPlayerEditor
LogPluginManager: Mounting plugin WebMMedia
LogPluginManager: Mounting plugin WmfMedia
LogPluginManager: Mounting plugin TcpMessaging
LogPluginManager: Mounting plugin UdpMessaging
LogPluginManager: Mounting plugin ActorSequence
LogPluginManager: Mounting plugin LevelSequenceEditor
LogPluginManager: Mounting plugin MatineeToLevelSequence
LogPluginManager: Mounting plugin NetcodeUnitTest
LogPluginManager: Mounting plugin NUTUnrealEngine4
LogPluginManager: Mounting plugin OnlineSubsystemGooglePlay
LogPluginManager: Mounting plugin OnlineSubsystemIOS
LogPluginManager: Mounting plugin OnlineSubsystem
LogPluginManager: Mounting plugin OnlineSubsystemNull
LogPluginManager: Mounting plugin OnlineSubsystemUtils
LogPluginManager: Mounting plugin LauncherChunkInstaller
LogPluginManager: Mounting plugin AndroidDeviceProfileSelector
LogPluginManager: Mounting plugin AndroidMoviePlayer
LogPluginManager: Mounting plugin AndroidPermission
LogPluginManager: Mounting plugin AppleImageUtils
LogPluginManager: Mounting plugin AppleMoviePlayer
LogPluginManager: Mounting plugin ArchVisCharacter
LogPluginManager: Mounting plugin AssetTags
LogPluginManager: Mounting plugin AudioCapture
LogPluginManager: Mounting plugin CableComponent
LogPluginManager: Mounting plugin CustomMeshComponent
LogPluginManager: Mounting plugin EditableMesh
LogPluginManager: Mounting plugin ExampleDeviceProfileSelector
LogPluginManager: Mounting plugin GoogleCloudMessaging
LogPluginManager: Mounting plugin IOSDeviceProfileSelector
LogPluginManager: Mounting plugin LinuxDeviceProfileSelector
LogPluginManager: Mounting plugin LocationServicesBPLibrary
LogPluginManager: Mounting plugin MobilePatchingUtils
LogPluginManager: Mounting plugin OculusVR
LogPluginManager: Mounting plugin PhysXVehicles
LogPluginManager: Mounting plugin PostSplashScreen
LogPluginManager: Mounting plugin ProceduralMeshComponent
LogPluginManager: Mounting plugin RuntimePhysXCooking
LogPluginManager: Mounting plugin SignificanceManager
LogPluginManager: Mounting plugin SteamVR
LogPluginManager: Mounting plugin WebMMoviePlayer
LogPluginManager: Mounting plugin WindowsMoviePlayer
LogPluginManager: Mounting plugin ScreenshotTools
LogInit: Using libcurl 7.55.1-DEV
LogInit:  - built for x86_64-pc-win32
LogInit:  - supports SSL with OpenSSL/1.1.1
LogInit:  - supports HTTP deflate (compression) using libz 1.2.8
LogInit:  - other features:
LogInit:      CURL_VERSION_SSL
LogInit:      CURL_VERSION_LIBZ
LogInit:      CURL_VERSION_IPV6
LogInit:      CURL_VERSION_ASYNCHDNS
LogInit:      CURL_VERSION_LARGEFILE
LogInit:      CURL_VERSION_IDN
LogInit:  CurlRequestOptions (configurable via config and command line):
LogInit:  - bVerifyPeer = true  - Libcurl will verify peer certificate
LogInit:  - bUseHttpProxy = false  - Libcurl will NOT use HTTP proxy
LogInit:  - bDontReuseConnections = false  - Libcurl will reuse connections
LogInit:  - MaxHostConnections = 16  - Libcurl will limit the number of connections to a host
LogInit:  - LocalHostAddr = Default
LogInit:  - BufferSize = 65536
LogOnline: OSS: Creating online subsystem instance for: NULL
LogInit: WinSock: version 1.1 (2.2), MaxSocks=32767, MaxUdp=65467
LogOnline: OSS: TryLoadSubsystemAndSetDefault: Loaded subsystem for module [NULL]
LogInit: Build: ++UE4+Release-4.24-CL-10283392
LogInit: Engine Version: 4.24.0-10283392+++UE4+Release-4.24
LogInit: Compatible Engine Version: 4.24.0-10283392+++UE4+Release-4.24
LogInit: Net CL: 10283392
LogInit: OS: Windows 10 (Release 1903) (), CPU: Intel(R) Core(TM) i7-8700K CPU @ 3.70GHz, GPU: NVIDIA GeForce GTX 1080 Ti
LogInit: Compiled (64-bit): Nov 18 2019 02:04:25
LogInit: Compiled with Visual C++: 19.16.27032.01
LogInit: Build Configuration: Development
LogInit: Branch Name: ++UE4+Release-4.24
LogInit: Command Line: 
LogInit: Base Directory: C:/Program Files/Epic Games/UE_4.24/Engine/Binaries/Win64/
LogInit: Installed Engine Build: 1
LogDevObjectVersion: Number of dev versions registered: 25
LogDevObjectVersion:   Dev-Blueprints (B0D832E4-1F89-4F0D-ACCF-7EB736FD4AA2): 10
LogDevObjectVersion:   Dev-Build (E1C64328-A22C-4D53-A36C-8E866417BD8C): 0
LogDevObjectVersion:   Dev-Core (375EC13C-06E4-48FB-B500-84F0262A717E): 3
LogDevObjectVersion:   Dev-Editor (E4B068ED-F494-42E9-A231-DA0B2E46BB41): 37
LogDevObjectVersion:   Dev-Framework (CFFC743F-43B0-4480-9391-14DF171D2073): 36
LogDevObjectVersion:   Dev-Mobile (B02B49B5-BB20-44E9-A304-32B752E40360): 2
LogDevObjectVersion:   Dev-Networking (A4E4105C-59A1-49B5-A7C5-40C4547EDFEE): 0
LogDevObjectVersion:   Dev-Online (39C831C9-5AE6-47DC-9A44-9C173E1C8E7C): 0
LogDevObjectVersion:   Dev-Physics (78F01B33-EBEA-4F98-B9B4-84EACCB95AA2): 2
LogDevObjectVersion:   Dev-Platform (6631380F-2D4D-43E0-8009-CF276956A95A): 0
LogDevObjectVersion:   Dev-Rendering (12F88B9F-8875-4AFC-A67C-D90C383ABD29): 36
LogDevObjectVersion:   Dev-Sequencer (7B5AE74C-D270-4C10-A958-57980B212A5A): 11
LogDevObjectVersion:   Dev-VR (D7296918-1DD6-4BDD-9DE2-64A83CC13884): 2
LogDevObjectVersion:   Dev-LoadTimes (C2A15278-BFE7-4AFE-6C17-90FF531DF755): 1
LogDevObjectVersion:   Private-Geometry (6EACA3D4-40EC-4CC1-B786-8BED09428FC5): 3
LogDevObjectVersion:   Dev-AnimPhys (29E575DD-E0A3-4627-9D10-D276232CDCEA): 17
LogDevObjectVersion:   Dev-Anim (AF43A65D-7FD3-4947-9873-3E8ED9C1BB05): 2
LogDevObjectVersion:   Dev-ReflectionCapture (6B266CEC-1EC7-4B8F-A30B-E4D90942FC07): 1
LogDevObjectVersion:   Dev-Automation (0DF73D61-A23F-47EA-B727-89E90C41499A): 1
LogDevObjectVersion:   FortniteMain (601D1886-AC64-4F84-AA16-D3DE0DEAC7D6): 31
LogDevObjectVersion:   Dev-Enterprise (9DFFBCD6-494F-0158-E221-12823C92A888): 8
LogDevObjectVersion:   Dev-Niagara (F2AED0AC-9AFE-416F-8664-AA7FFA26D6FC): 1
LogDevObjectVersion:   Dev-Destruction (174F1F0B-B4C6-45A5-B13F-2EE8D0FB917D): 9
LogDevObjectVersion:   Dev-Physics-Ext (35F94A83-E258-406C-A318-09F59610247C): 8
LogDevObjectVersion:   Dev-CineCamera (B2E18506-4273-CFC2-A54E-F4BB758BBA07): 1
LogInit: Presizing for max 25165824 objects, including 0 objects not considered by GC, pre-allocating 0 bytes for permanent pool.
LogInit: Object subsystem initialized
LogConfig: Setting CVar [[con.DebugEarlyDefault:1]]
LogConfig: Setting CVar [[r.setres:1280x720]]
[2019.11.27-10.06.08:772][  0]LogConfig: Setting CVar [[r.VSync:0]]
[2019.11.27-10.06.08:772][  0]LogConfig: Setting CVar [[r.RHICmdBypass:0]]
[2019.11.27-10.06.08:772][  0]LogConfig: Applying CVar settings from Section [/Script/Engine.RendererSettings] File [C:/Users/Shiftup/Documents/GitHub/UE4_Dynamic_Water_Project/Reactive_Water_V3_4-20/Saved/Config/Windows/Engine.ini]
[2019.11.27-10.06.08:772][  0]LogConfig: Setting CVar [[r.GPUCrashDebugging:0]]
[2019.11.27-10.06.08:772][  0]LogConfig: Setting CVar [[r.CustomDepthTemporalAAJitter:1]]
[2019.11.27-10.06.08:772][  0]LogConfig: Setting CVar [[r.DefaultFeature.AntiAliasing:2]]
[2019.11.27-10.06.08:772][  0]LogConfig: Setting CVar [[r.AllowGlobalClipPlane:1]]
[2019.11.27-10.06.08:772][  0]LogConfig: Setting CVar [[r.TessellationAdaptivePixelsPerTriangle:1000.000000]]
[2019.11.27-10.06.08:772][  0]LogConfig: Setting CVar [[r.DefaultFeature.MotionBlur:0]]
[2019.11.27-10.06.08:772][  0]LogConfig: Setting CVar [[r.ReflectionCaptureResolution:128]]
[2019.11.27-10.06.08:772][  0]LogConfig: Setting CVar [[r.CustomDepth:3]]
[2019.11.27-10.06.08:772][  0]LogConfig: Applying CVar settings from Section [/Script/Engine.RendererOverrideSettings] File [C:/Users/Shiftup/Documents/GitHub/UE4_Dynamic_Water_Project/Reactive_Water_V3_4-20/Saved/Config/Windows/Engine.ini]
[2019.11.27-10.06.08:772][  0]LogConfig: Applying CVar settings from Section [/Script/Engine.StreamingSettings] File [C:/Users/Shiftup/Documents/GitHub/UE4_Dynamic_Water_Project/Reactive_Water_V3_4-20/Saved/Config/Windows/Engine.ini]
[2019.11.27-10.06.08:772][  0]LogConfig: Setting CVar [[s.MinBulkDataSizeForAsyncLoading:131072]]
[2019.11.27-10.06.08:772][  0]LogConfig: Setting CVar [[s.AsyncLoadingThreadEnabled:0]]
[2019.11.27-10.06.08:772][  0]LogConfig: Setting CVar [[s.EventDrivenLoaderEnabled:1]]
[2019.11.27-10.06.08:772][  0]LogConfig: Setting CVar [[s.WarnIfTimeLimitExceeded:0]]
[2019.11.27-10.06.08:772][  0]LogConfig: Setting CVar [[s.TimeLimitExceededMultiplier:1.5]]
[2019.11.27-10.06.08:772][  0]LogConfig: Setting CVar [[s.TimeLimitExceededMinTime:0.005]]
[2019.11.27-10.06.08:772][  0]LogConfig: Setting CVar [[s.UseBackgroundLevelStreaming:1]]
[2019.11.27-10.06.08:772][  0]LogConfig: Setting CVar [[s.PriorityAsyncLoadingExtraTime:15.0]]
[2019.11.27-10.06.08:772][  0]LogConfig: Setting CVar [[s.LevelStreamingActorsUpdateTimeLimit:5.0]]
[2019.11.27-10.06.08:772][  0]LogConfig: Setting CVar [[s.PriorityLevelStreamingActorsUpdateExtraTime:5.0]]
[2019.11.27-10.06.08:772][  0]LogConfig: Setting CVar [[s.LevelStreamingComponentsRegistrationGranularity:10]]
[2019.11.27-10.06.08:772][  0]LogConfig: Setting CVar [[s.UnregisterComponentsTimeLimit:1.0]]
[2019.11.27-10.06.08:772][  0]LogConfig: Setting CVar [[s.LevelStreamingComponentsUnregistrationGranularity:5]]
[2019.11.27-10.06.08:772][  0]LogConfig: Setting CVar [[s.FlushStreamingOnExit:1]]
[2019.11.27-10.06.08:772][  0]LogConfig: Applying CVar settings from Section [/Script/Engine.GarbageCollectionSettings] File [C:/Users/Shiftup/Documents/GitHub/UE4_Dynamic_Water_Project/Reactive_Water_V3_4-20/Saved/Config/Windows/Engine.ini]
[2019.11.27-10.06.08:772][  0]LogConfig: Setting CVar [[gc.MaxObjectsNotConsideredByGC:1]]
[2019.11.27-10.06.08:772][  0]LogConfig: Setting CVar [[gc.SizeOfPermanentObjectPool:0]]
[2019.11.27-10.06.08:772][  0]LogConfig: Setting CVar [[gc.FlushStreamingOnGC:0]]
[2019.11.27-10.06.08:772][  0]LogConfig: Setting CVar [[gc.NumRetriesBeforeForcingGC:10]]
[2019.11.27-10.06.08:772][  0]LogConfig: Setting CVar [[gc.AllowParallelGC:1]]
[2019.11.27-10.06.08:772][  0]LogConfig: Setting CVar [[gc.TimeBetweenPurgingPendingKillObjects:61.1]]
[2019.11.27-10.06.08:772][  0]LogConfig: Setting CVar [[gc.MaxObjectsInEditor:25165824]]
[2019.11.27-10.06.08:772][  0]LogConfig: Setting CVar [[gc.IncrementalBeginDestroyEnabled:1]]
[2019.11.27-10.06.08:772][  0]LogConfig: Setting CVar [[gc.CreateGCClusters:1]]
[2019.11.27-10.06.08:772][  0]LogConfig: Setting CVar [[gc.MinGCClusterSize:5]]
[2019.11.27-10.06.08:772][  0]LogConfig: Setting CVar [[gc.ActorClusteringEnabled:0]]
[2019.11.27-10.06.08:772][  0]LogConfig: Setting CVar [[gc.BlueprintClusteringEnabled:0]]
[2019.11.27-10.06.08:772][  0]LogConfig: Setting CVar [[gc.UseDisregardForGCOnDedicatedServers:0]]
[2019.11.27-10.06.08:772][  0]LogConfig: Applying CVar settings from Section [/Script/Engine.NetworkSettings] File [C:/Users/Shiftup/Documents/GitHub/UE4_Dynamic_Water_Project/Reactive_Water_V3_4-20/Saved/Config/Windows/Engine.ini]
[2019.11.27-10.06.08:772][  0]LogConfig: Applying CVar settings from Section [/Script/UnrealEd.CookerSettings] File [C:/Users/Shiftup/Documents/GitHub/UE4_Dynamic_Water_Project/Reactive_Water_V3_4-20/Saved/Config/Windows/Engine.ini]
[2019.11.27-10.06.08:783][  0]LogConfig: Applying CVar settings from Section [ViewDistanceQuality@3] File [C:/Users/Shiftup/Documents/GitHub/UE4_Dynamic_Water_Project/Reactive_Water_V3_4-20/Saved/Config/Windows/Scalability.ini]
[2019.11.27-10.06.08:783][  0]LogConfig: Setting CVar [[r.SkeletalMeshLODBias:0]]
[2019.11.27-10.06.08:783][  0]LogConfig: Setting CVar [[r.ViewDistanceScale:1.0]]
[2019.11.27-10.06.08:783][  0]LogConfig: Applying CVar settings from Section [AntiAliasingQuality@3] File [C:/Users/Shiftup/Documents/GitHub/UE4_Dynamic_Water_Project/Reactive_Water_V3_4-20/Saved/Config/Windows/Scalability.ini]
[2019.11.27-10.06.08:783][  0]LogConfig: Setting CVar [[r.PostProcessAAQuality:4]]
[2019.11.27-10.06.08:783][  0]LogConfig: Applying CVar settings from Section [ShadowQuality@3] File [C:/Users/Shiftup/Documents/GitHub/UE4_Dynamic_Water_Project/Reactive_Water_V3_4-20/Saved/Config/Windows/Scalability.ini]
[2019.11.27-10.06.08:783][  0]LogConfig: Setting CVar [[r.LightFunctionQuality:1]]
[2019.11.27-10.06.08:783][  0]LogConfig: Setting CVar [[r.ShadowQuality:5]]
[2019.11.27-10.06.08:783][  0]LogConfig: Setting CVar [[r.Shadow.CSM.MaxCascades:10]]
[2019.11.27-10.06.08:783][  0]LogConfig: Setting CVar [[r.Shadow.MaxResolution:2048]]
[2019.11.27-10.06.08:783][  0]LogConfig: Setting CVar [[r.Shadow.MaxCSMResolution:2048]]
[2019.11.27-10.06.08:783][  0]LogConfig: Setting CVar [[r.Shadow.RadiusThreshold:0.01]]
[2019.11.27-10.06.08:783][  0]LogConfig: Setting CVar [[r.Shadow.DistanceScale:1.0]]
[2019.11.27-10.06.08:783][  0]LogConfig: Setting CVar [[r.Shadow.CSM.TransitionScale:1.0]]
[2019.11.27-10.06.08:783][  0]LogConfig: Setting CVar [[r.Shadow.PreShadowResolutionFactor:1.0]]
[2019.11.27-10.06.08:783][  0]LogConfig: Setting CVar [[r.DistanceFieldShadowing:1]]
[2019.11.27-10.06.08:783][  0]LogConfig: Setting CVar [[r.DistanceFieldAO:1]]
[2019.11.27-10.06.08:783][  0]LogConfig: Setting CVar [[r.AOQuality:2]]
[2019.11.27-10.06.08:783][  0]LogConfig: Setting CVar [[r.VolumetricFog:1]]
[2019.11.27-10.06.08:783][  0]LogConfig: Setting CVar [[r.VolumetricFog.GridPixelSize:8]]
[2019.11.27-10.06.08:783][  0]LogConfig: Setting CVar [[r.VolumetricFog.GridSizeZ:128]]
[2019.11.27-10.06.08:783][  0]LogConfig: Setting CVar [[r.VolumetricFog.HistoryMissSupersampleCount:4]]
[2019.11.27-10.06.08:783][  0]LogConfig: Setting CVar [[r.LightMaxDrawDistanceScale:1]]
[2019.11.27-10.06.08:783][  0]LogConfig: Setting CVar [[r.CapsuleShadows:1]]
[2019.11.27-10.06.08:783][  0]LogConfig: Applying CVar settings from Section [PostProcessQuality@3] File [C:/Users/Shiftup/Documents/GitHub/UE4_Dynamic_Water_Project/Reactive_Water_V3_4-20/Saved/Config/Windows/Scalability.ini]
[2019.11.27-10.06.08:783][  0]LogConfig: Setting CVar [[r.MotionBlurQuality:4]]
[2019.11.27-10.06.08:783][  0]LogConfig: Setting CVar [[r.AmbientOcclusionMipLevelFactor:0.4]]
[2019.11.27-10.06.08:783][  0]LogConfig: Setting CVar [[r.AmbientOcclusionMaxQuality:100]]
[2019.11.27-10.06.08:783][  0]LogConfig: Setting CVar [[r.AmbientOcclusionLevels:-1]]
[2019.11.27-10.06.08:783][  0]LogConfig: Setting CVar [[r.AmbientOcclusionRadiusScale:1.0]]
[2019.11.27-10.06.08:783][  0]LogConfig: Setting CVar [[r.DepthOfFieldQuality:2]]
[2019.11.27-10.06.08:783][  0]LogConfig: Setting CVar [[r.RenderTargetPoolMin:400]]
[2019.11.27-10.06.08:783][  0]LogConfig: Setting CVar [[r.LensFlareQuality:2]]
[2019.11.27-10.06.08:783][  0]LogConfig: Setting CVar [[r.SceneColorFringeQuality:1]]
[2019.11.27-10.06.08:783][  0]LogConfig: Setting CVar [[r.EyeAdaptationQuality:2]]
[2019.11.27-10.06.08:783][  0]LogConfig: Setting CVar [[r.BloomQuality:5]]
[2019.11.27-10.06.08:783][  0]LogConfig: Setting CVar [[r.FastBlurThreshold:100]]
[2019.11.27-10.06.08:783][  0]LogConfig: Setting CVar [[r.Upscale.Quality:3]]
[2019.11.27-10.06.08:783][  0]LogConfig: Setting CVar [[r.Tonemapper.GrainQuantization:1]]
[2019.11.27-10.06.08:783][  0]LogConfig: Setting CVar [[r.LightShaftQuality:1]]
[2019.11.27-10.06.08:783][  0]LogConfig: Setting CVar [[r.Filter.SizeScale:1]]
[2019.11.27-10.06.08:783][  0]LogConfig: Setting CVar [[r.Tonemapper.Quality:5]]
[2019.11.27-10.06.08:783][  0]LogConfig: Setting CVar [[r.DOF.Gather.AccumulatorQuality:1        ; higher gathering accumulator quality]]
[2019.11.27-10.06.08:784][  0]LogConfig: Setting CVar [[r.DOF.Gather.PostfilterMethod:1          ; Median3x3 postfilering method]]
[2019.11.27-10.06.08:784][  0]LogConfig: Setting CVar [[r.DOF.Gather.EnableBokehSettings:0       ; no bokeh simulation when gathering]]
[2019.11.27-10.06.08:784][  0]LogConfig: Setting CVar [[r.DOF.Gather.RingCount:4                 ; medium number of samples when gathering]]
[2019.11.27-10.06.08:784][  0]LogConfig: Setting CVar [[r.DOF.Scatter.ForegroundCompositing:1    ; additive foreground scattering]]
[2019.11.27-10.06.08:784][  0]LogConfig: Setting CVar [[r.DOF.Scatter.BackgroundCompositing:2    ; additive background scattering]]
[2019.11.27-10.06.08:784][  0]LogConfig: Setting CVar [[r.DOF.Scatter.EnableBokehSettings:1      ; bokeh simulation when scattering]]
[2019.11.27-10.06.08:784][  0]LogConfig: Setting CVar [[r.DOF.Scatter.MaxSpriteRatio:0.1         ; only a maximum of 10% of scattered bokeh]]
[2019.11.27-10.06.08:784][  0]LogConfig: Setting CVar [[r.DOF.Recombine.Quality:1                ; cheap slight out of focus]]
[2019.11.27-10.06.08:784][  0]LogConfig: Setting CVar [[r.DOF.Recombine.EnableBokehSettings:0    ; no bokeh simulation on slight out of focus]]
[2019.11.27-10.06.08:784][  0]LogConfig: Setting CVar [[r.DOF.TemporalAAQuality:1                ; more stable temporal accumulation]]
[2019.11.27-10.06.08:784][  0]LogConfig: Setting CVar [[r.DOF.Kernel.MaxForegroundRadius:0.025]]
[2019.11.27-10.06.08:784][  0]LogConfig: Setting CVar [[r.DOF.Kernel.MaxBackgroundRadius:0.025]]
[2019.11.27-10.06.08:784][  0]LogConfig: Applying CVar settings from Section [TextureQuality@3] File [C:/Users/Shiftup/Documents/GitHub/UE4_Dynamic_Water_Project/Reactive_Water_V3_4-20/Saved/Config/Windows/Scalability.ini]
[2019.11.27-10.06.08:784][  0]LogConfig: Setting CVar [[r.Streaming.MipBias:0]]
[2019.11.27-10.06.08:784][  0]LogConfig: Setting CVar [[r.Streaming.AmortizeCPUToGPUCopy:0]]
[2019.11.27-10.06.08:784][  0]LogConfig: Setting CVar [[r.Streaming.MaxNumTexturesToStreamPerFrame:0]]
[2019.11.27-10.06.08:784][  0]LogConfig: Setting CVar [[r.Streaming.Boost:1]]
[2019.11.27-10.06.08:784][  0]LogConfig: Setting CVar [[r.MaxAnisotropy:8]]
[2019.11.27-10.06.08:784][  0]LogConfig: Setting CVar [[r.VT.MaxAnisotropy:8]]
[2019.11.27-10.06.08:784][  0]LogConfig: Setting CVar [[r.Streaming.LimitPoolSizeToVRAM:0]]
[2019.11.27-10.06.08:784][  0]LogConfig: Setting CVar [[r.Streaming.PoolSize:1000]]
[2019.11.27-10.06.08:784][  0]LogConfig: Setting CVar [[r.Streaming.MaxEffectiveScreenSize:0]]
[2019.11.27-10.06.08:784][  0]LogConfig: Applying CVar settings from Section [EffectsQuality@3] File [C:/Users/Shiftup/Documents/GitHub/UE4_Dynamic_Water_Project/Reactive_Water_V3_4-20/Saved/Config/Windows/Scalability.ini]
[2019.11.27-10.06.08:784][  0]LogConfig: Setting CVar [[r.TranslucencyLightingVolumeDim:64]]
[2019.11.27-10.06.08:784][  0]LogConfig: Setting CVar [[r.RefractionQuality:2]]
[2019.11.27-10.06.08:784][  0]LogConfig: Setting CVar [[r.SSR.Quality:3]]
[2019.11.27-10.06.08:784][  0]LogConfig: Setting CVar [[r.SSR.HalfResSceneColor:0]]
[2019.11.27-10.06.08:784][  0]LogConfig: Setting CVar [[r.SceneColorFormat:4]]
[2019.11.27-10.06.08:784][  0]LogConfig: Setting CVar [[r.DetailMode:2]]
[2019.11.27-10.06.08:784][  0]LogConfig: Setting CVar [[r.TranslucencyVolumeBlur:1]]
[2019.11.27-10.06.08:784][  0]LogConfig: Setting CVar [[r.MaterialQualityLevel:1 ; High quality]]
[2019.11.27-10.06.08:784][  0]LogConfig: Setting CVar [[r.SSS.Scale:1]]
[2019.11.27-10.06.08:784][  0]LogConfig: Setting CVar [[r.SSS.SampleSet:2]]
[2019.11.27-10.06.08:784][  0]LogConfig: Setting CVar [[r.SSS.Quality:1]]
[2019.11.27-10.06.08:784][  0]LogConfig: Setting CVar [[r.SSS.HalfRes:1]]
[2019.11.27-10.06.08:784][  0]LogConfig: Setting CVar [[r.SSGI.Quality:3]]
[2019.11.27-10.06.08:784][  0]LogConfig: Setting CVar [[r.EmitterSpawnRateScale:1.0]]
[2019.11.27-10.06.08:784][  0]LogConfig: Setting CVar [[r.ParticleLightQuality:2]]
[2019.11.27-10.06.08:784][  0]LogConfig: Setting CVar [[r.SkyAtmosphere.AerialPerspectiveLUT.FastApplyOnOpaque:1 ; Always have FastSkyLUT 1 in this case to avoid wrong sky]]
[2019.11.27-10.06.08:784][  0]LogConfig: Setting CVar [[r.SkyAtmosphere.AerialPerspectiveLUT.SampleCountPerSlice:1]]
[2019.11.27-10.06.08:784][  0]LogConfig: Setting CVar [[r.SkyAtmosphere.AerialPerspectiveLUT.DepthResolution:16.0]]
[2019.11.27-10.06.08:784][  0]LogConfig: Setting CVar [[r.SkyAtmosphere.FastSkyLUT:1]]
[2019.11.27-10.06.08:784][  0]LogConfig: Setting CVar [[r.SkyAtmosphere.FastSkyLUT.SampleCountMin:4.0]]
[2019.11.27-10.06.08:784][  0]LogConfig: Setting CVar [[r.SkyAtmosphere.FastSkyLUT.SampleCountMax:32.0]]
[2019.11.27-10.06.08:784][  0]LogConfig: Setting CVar [[r.SkyAtmosphere.SampleCountMin:4.0]]
[2019.11.27-10.06.08:784][  0]LogConfig: Setting CVar [[r.SkyAtmosphere.SampleCountMax:32.0]]
[2019.11.27-10.06.08:784][  0]LogConfig: Setting CVar [[r.SkyAtmosphere.TransmittanceLUT.UseSmallFormat:0]]
[2019.11.27-10.06.08:784][  0]LogConfig: Setting CVar [[r.SkyAtmosphere.TransmittanceLUT.SampleCount:10.0]]
[2019.11.27-10.06.08:784][  0]LogConfig: Setting CVar [[r.SkyAtmosphere.MultiScatteringLUT.SampleCount:15.0]]
[2019.11.27-10.06.08:784][  0]LogConfig: Applying CVar settings from Section [FoliageQuality@3] File [C:/Users/Shiftup/Documents/GitHub/UE4_Dynamic_Water_Project/Reactive_Water_V3_4-20/Saved/Config/Windows/Scalability.ini]
[2019.11.27-10.06.08:784][  0]LogConfig: Setting CVar [[foliage.DensityScale:1.0]]
[2019.11.27-10.06.08:784][  0]LogConfig: Setting CVar [[grass.DensityScale:1.0]]
[2019.11.27-10.06.08:784][  0]LogConfig: Applying CVar settings from Section [ShadingQuality@3] File [C:/Users/Shiftup/Documents/GitHub/UE4_Dynamic_Water_Project/Reactive_Water_V3_4-20/Saved/Config/Windows/Scalability.ini]
[2019.11.27-10.06.08:784][  0]LogConfig: Setting CVar [[r.HairStrands.SkyLighting.SampleCount:16]]
[2019.11.27-10.06.08:784][  0]LogConfig: Setting CVar [[r.HairStrands.SkyLighting.JitterIntegration:0]]
[2019.11.27-10.06.08:784][  0]LogConfig: Setting CVar [[r.HairStrands.SkyAO.SampleCount:16]]
[2019.11.27-10.06.08:784][  0]LogInit: Selected Device Profile: [Windows]
[2019.11.27-10.06.08:784][  0]LogInit: Applying CVar settings loaded from the selected device profile: [Windows]
[2019.11.27-10.06.08:786][  0]LogHAL: Display: Platform has ~ 64 GB [68653203456 / 68719476736 / 64], which maps to Largest [LargestMinGB=32, LargerMinGB=12, DefaultMinGB=8, SmallerMinGB=6, SmallestMinGB=0)
[2019.11.27-10.06.08:786][  0]LogInit: Going up to parent DeviceProfile []
[2019.11.27-10.06.08:786][  0]LogConfig: Applying CVar settings from Section [ViewDistanceQuality@3] File [C:/Users/Shiftup/Documents/GitHub/UE4_Dynamic_Water_Project/Reactive_Water_V3_4-20/Saved/Config/Windows/Scalability.ini]
[2019.11.27-10.06.08:786][  0]LogConfig: Setting CVar [[r.SkeletalMeshLODBias:0]]
[2019.11.27-10.06.08:786][  0]LogConfig: Setting CVar [[r.ViewDistanceScale:1.0]]
[2019.11.27-10.06.08:786][  0]LogConfig: Applying CVar settings from Section [AntiAliasingQuality@3] File [C:/Users/Shiftup/Documents/GitHub/UE4_Dynamic_Water_Project/Reactive_Water_V3_4-20/Saved/Config/Windows/Scalability.ini]
[2019.11.27-10.06.08:786][  0]LogConfig: Setting CVar [[r.PostProcessAAQuality:4]]
[2019.11.27-10.06.08:786][  0]LogConfig: Applying CVar settings from Section [ShadowQuality@3] File [C:/Users/Shiftup/Documents/GitHub/UE4_Dynamic_Water_Project/Reactive_Water_V3_4-20/Saved/Config/Windows/Scalability.ini]
[2019.11.27-10.06.08:787][  0]LogConfig: Setting CVar [[r.LightFunctionQuality:1]]
[2019.11.27-10.06.08:787][  0]LogConfig: Setting CVar [[r.ShadowQuality:5]]
[2019.11.27-10.06.08:787][  0]LogConfig: Setting CVar [[r.Shadow.CSM.MaxCascades:10]]
[2019.11.27-10.06.08:787][  0]LogConfig: Setting CVar [[r.Shadow.MaxResolution:2048]]
[2019.11.27-10.06.08:787][  0]LogConfig: Setting CVar [[r.Shadow.MaxCSMResolution:2048]]
[2019.11.27-10.06.08:787][  0]LogConfig: Setting CVar [[r.Shadow.RadiusThreshold:0.01]]
[2019.11.27-10.06.08:787][  0]LogConfig: Setting CVar [[r.Shadow.DistanceScale:1.0]]
[2019.11.27-10.06.08:787][  0]LogConfig: Setting CVar [[r.Shadow.CSM.TransitionScale:1.0]]
[2019.11.27-10.06.08:787][  0]LogConfig: Setting CVar [[r.Shadow.PreShadowResolutionFactor:1.0]]
[2019.11.27-10.06.08:787][  0]LogConfig: Setting CVar [[r.DistanceFieldShadowing:1]]
[2019.11.27-10.06.08:787][  0]LogConfig: Setting CVar [[r.DistanceFieldAO:1]]
[2019.11.27-10.06.08:787][  0]LogConfig: Setting CVar [[r.AOQuality:2]]
[2019.11.27-10.06.08:787][  0]LogConfig: Setting CVar [[r.VolumetricFog:1]]
[2019.11.27-10.06.08:787][  0]LogConfig: Setting CVar [[r.VolumetricFog.GridPixelSize:8]]
[2019.11.27-10.06.08:787][  0]LogConfig: Setting CVar [[r.VolumetricFog.GridSizeZ:128]]
[2019.11.27-10.06.08:787][  0]LogConfig: Setting CVar [[r.VolumetricFog.HistoryMissSupersampleCount:4]]
[2019.11.27-10.06.08:787][  0]LogConfig: Setting CVar [[r.LightMaxDrawDistanceScale:1]]
[2019.11.27-10.06.08:787][  0]LogConfig: Setting CVar [[r.CapsuleShadows:1]]
[2019.11.27-10.06.08:787][  0]LogConfig: Applying CVar settings from Section [PostProcessQuality@3] File [C:/Users/Shiftup/Documents/GitHub/UE4_Dynamic_Water_Project/Reactive_Water_V3_4-20/Saved/Config/Windows/Scalability.ini]
[2019.11.27-10.06.08:787][  0]LogConfig: Setting CVar [[r.MotionBlurQuality:4]]
[2019.11.27-10.06.08:787][  0]LogConfig: Setting CVar [[r.AmbientOcclusionMipLevelFactor:0.4]]
[2019.11.27-10.06.08:787][  0]LogConfig: Setting CVar [[r.AmbientOcclusionMaxQuality:100]]
[2019.11.27-10.06.08:787][  0]LogConfig: Setting CVar [[r.AmbientOcclusionLevels:-1]]
[2019.11.27-10.06.08:787][  0]LogConfig: Setting CVar [[r.AmbientOcclusionRadiusScale:1.0]]
[2019.11.27-10.06.08:787][  0]LogConfig: Setting CVar [[r.DepthOfFieldQuality:2]]
[2019.11.27-10.06.08:787][  0]LogConfig: Setting CVar [[r.RenderTargetPoolMin:400]]
[2019.11.27-10.06.08:787][  0]LogConfig: Setting CVar [[r.LensFlareQuality:2]]
[2019.11.27-10.06.08:787][  0]LogConfig: Setting CVar [[r.SceneColorFringeQuality:1]]
[2019.11.27-10.06.08:787][  0]LogConfig: Setting CVar [[r.EyeAdaptationQuality:2]]
[2019.11.27-10.06.08:787][  0]LogConfig: Setting CVar [[r.BloomQuality:5]]
[2019.11.27-10.06.08:787][  0]LogConfig: Setting CVar [[r.FastBlurThreshold:100]]
[2019.11.27-10.06.08:787][  0]LogConfig: Setting CVar [[r.Upscale.Quality:3]]
[2019.11.27-10.06.08:787][  0]LogConfig: Setting CVar [[r.Tonemapper.GrainQuantization:1]]
[2019.11.27-10.06.08:787][  0]LogConfig: Setting CVar [[r.LightShaftQuality:1]]
[2019.11.27-10.06.08:787][  0]LogConfig: Setting CVar [[r.Filter.SizeScale:1]]
[2019.11.27-10.06.08:787][  0]LogConfig: Setting CVar [[r.Tonemapper.Quality:5]]
[2019.11.27-10.06.08:787][  0]LogConfig: Setting CVar [[r.DOF.Gather.AccumulatorQuality:1        ; higher gathering accumulator quality]]
[2019.11.27-10.06.08:787][  0]LogConfig: Setting CVar [[r.DOF.Gather.PostfilterMethod:1          ; Median3x3 postfilering method]]
[2019.11.27-10.06.08:787][  0]LogConfig: Setting CVar [[r.DOF.Gather.EnableBokehSettings:0       ; no bokeh simulation when gathering]]
[2019.11.27-10.06.08:787][  0]LogConfig: Setting CVar [[r.DOF.Gather.RingCount:4                 ; medium number of samples when gathering]]
[2019.11.27-10.06.08:787][  0]LogConfig: Setting CVar [[r.DOF.Scatter.ForegroundCompositing:1    ; additive foreground scattering]]
[2019.11.27-10.06.08:787][  0]LogConfig: Setting CVar [[r.DOF.Scatter.BackgroundCompositing:2    ; additive background scattering]]
[2019.11.27-10.06.08:787][  0]LogConfig: Setting CVar [[r.DOF.Scatter.EnableBokehSettings:1      ; bokeh simulation when scattering]]
[2019.11.27-10.06.08:787][  0]LogConfig: Setting CVar [[r.DOF.Scatter.MaxSpriteRatio:0.1         ; only a maximum of 10% of scattered bokeh]]
[2019.11.27-10.06.08:787][  0]LogConfig: Setting CVar [[r.DOF.Recombine.Quality:1                ; cheap slight out of focus]]
[2019.11.27-10.06.08:787][  0]LogConfig: Setting CVar [[r.DOF.Recombine.EnableBokehSettings:0    ; no bokeh simulation on slight out of focus]]
[2019.11.27-10.06.08:787][  0]LogConfig: Setting CVar [[r.DOF.TemporalAAQuality:1                ; more stable temporal accumulation]]
[2019.11.27-10.06.08:787][  0]LogConfig: Setting CVar [[r.DOF.Kernel.MaxForegroundRadius:0.025]]
[2019.11.27-10.06.08:787][  0]LogConfig: Setting CVar [[r.DOF.Kernel.MaxBackgroundRadius:0.025]]
[2019.11.27-10.06.08:787][  0]LogConfig: Applying CVar settings from Section [TextureQuality@3] File [C:/Users/Shiftup/Documents/GitHub/UE4_Dynamic_Water_Project/Reactive_Water_V3_4-20/Saved/Config/Windows/Scalability.ini]
[2019.11.27-10.06.08:787][  0]LogConfig: Setting CVar [[r.Streaming.MipBias:0]]
[2019.11.27-10.06.08:787][  0]LogConfig: Setting CVar [[r.Streaming.AmortizeCPUToGPUCopy:0]]
[2019.11.27-10.06.08:787][  0]LogConfig: Setting CVar [[r.Streaming.MaxNumTexturesToStreamPerFrame:0]]
[2019.11.27-10.06.08:787][  0]LogConfig: Setting CVar [[r.Streaming.Boost:1]]
[2019.11.27-10.06.08:787][  0]LogConfig: Setting CVar [[r.MaxAnisotropy:8]]
[2019.11.27-10.06.08:787][  0]LogConfig: Setting CVar [[r.VT.MaxAnisotropy:8]]
[2019.11.27-10.06.08:787][  0]LogConfig: Setting CVar [[r.Streaming.LimitPoolSizeToVRAM:0]]
[2019.11.27-10.06.08:787][  0]LogConfig: Setting CVar [[r.Streaming.PoolSize:1000]]
[2019.11.27-10.06.08:787][  0]LogConfig: Setting CVar [[r.Streaming.MaxEffectiveScreenSize:0]]
[2019.11.27-10.06.08:787][  0]LogConfig: Applying CVar settings from Section [EffectsQuality@3] File [C:/Users/Shiftup/Documents/GitHub/UE4_Dynamic_Water_Project/Reactive_Water_V3_4-20/Saved/Config/Windows/Scalability.ini]
[2019.11.27-10.06.08:787][  0]LogConfig: Setting CVar [[r.TranslucencyLightingVolumeDim:64]]
[2019.11.27-10.06.08:787][  0]LogConfig: Setting CVar [[r.RefractionQuality:2]]
[2019.11.27-10.06.08:787][  0]LogConfig: Setting CVar [[r.SSR.Quality:3]]
[2019.11.27-10.06.08:787][  0]LogConfig: Setting CVar [[r.SSR.HalfResSceneColor:0]]
[2019.11.27-10.06.08:787][  0]LogConfig: Setting CVar [[r.SceneColorFormat:4]]
[2019.11.27-10.06.08:787][  0]LogConfig: Setting CVar [[r.DetailMode:2]]
[2019.11.27-10.06.08:787][  0]LogConfig: Setting CVar [[r.TranslucencyVolumeBlur:1]]
[2019.11.27-10.06.08:787][  0]LogConfig: Setting CVar [[r.MaterialQualityLevel:1 ; High quality]]
[2019.11.27-10.06.08:787][  0]LogConfig: Setting CVar [[r.SSS.Scale:1]]
[2019.11.27-10.06.08:787][  0]LogConfig: Setting CVar [[r.SSS.SampleSet:2]]
[2019.11.27-10.06.08:787][  0]LogConfig: Setting CVar [[r.SSS.Quality:1]]
[2019.11.27-10.06.08:787][  0]LogConfig: Setting CVar [[r.SSS.HalfRes:1]]
[2019.11.27-10.06.08:787][  0]LogConfig: Setting CVar [[r.SSGI.Quality:3]]
[2019.11.27-10.06.08:787][  0]LogConfig: Setting CVar [[r.EmitterSpawnRateScale:1.0]]
[2019.11.27-10.06.08:787][  0]LogConfig: Setting CVar [[r.ParticleLightQuality:2]]
[2019.11.27-10.06.08:787][  0]LogConfig: Setting CVar [[r.SkyAtmosphere.AerialPerspectiveLUT.FastApplyOnOpaque:1 ; Always have FastSkyLUT 1 in this case to avoid wrong sky]]
[2019.11.27-10.06.08:787][  0]LogConfig: Setting CVar [[r.SkyAtmosphere.AerialPerspectiveLUT.SampleCountPerSlice:1]]
[2019.11.27-10.06.08:787][  0]LogConfig: Setting CVar [[r.SkyAtmosphere.AerialPerspectiveLUT.DepthResolution:16.0]]
[2019.11.27-10.06.08:787][  0]LogConfig: Setting CVar [[r.SkyAtmosphere.FastSkyLUT:1]]
[2019.11.27-10.06.08:787][  0]LogConfig: Setting CVar [[r.SkyAtmosphere.FastSkyLUT.SampleCountMin:4.0]]
[2019.11.27-10.06.08:787][  0]LogConfig: Setting CVar [[r.SkyAtmosphere.FastSkyLUT.SampleCountMax:32.0]]
[2019.11.27-10.06.08:787][  0]LogConfig: Setting CVar [[r.SkyAtmosphere.SampleCountMin:4.0]]
[2019.11.27-10.06.08:787][  0]LogConfig: Setting CVar [[r.SkyAtmosphere.SampleCountMax:32.0]]
[2019.11.27-10.06.08:787][  0]LogConfig: Setting CVar [[r.SkyAtmosphere.TransmittanceLUT.UseSmallFormat:0]]
[2019.11.27-10.06.08:787][  0]LogConfig: Setting CVar [[r.SkyAtmosphere.TransmittanceLUT.SampleCount:10.0]]
[2019.11.27-10.06.08:787][  0]LogConfig: Setting CVar [[r.SkyAtmosphere.MultiScatteringLUT.SampleCount:15.0]]
[2019.11.27-10.06.08:787][  0]LogConfig: Applying CVar settings from Section [FoliageQuality@3] File [C:/Users/Shiftup/Documents/GitHub/UE4_Dynamic_Water_Project/Reactive_Water_V3_4-20/Saved/Config/Windows/Scalability.ini]
[2019.11.27-10.06.08:787][  0]LogConfig: Setting CVar [[foliage.DensityScale:1.0]]
[2019.11.27-10.06.08:787][  0]LogConfig: Setting CVar [[grass.DensityScale:1.0]]
[2019.11.27-10.06.08:787][  0]LogConfig: Applying CVar settings from Section [ShadingQuality@3] File [C:/Users/Shiftup/Documents/GitHub/UE4_Dynamic_Water_Project/Reactive_Water_V3_4-20/Saved/Config/Windows/Scalability.ini]
[2019.11.27-10.06.08:787][  0]LogConfig: Setting CVar [[r.HairStrands.SkyLighting.SampleCount:16]]
[2019.11.27-10.06.08:787][  0]LogConfig: Setting CVar [[r.HairStrands.SkyLighting.JitterIntegration:0]]
[2019.11.27-10.06.08:787][  0]LogConfig: Setting CVar [[r.HairStrands.SkyAO.SampleCount:16]]
[2019.11.27-10.06.08:788][  0]LogConfig: Applying CVar settings from Section [Startup] File [../../../Engine/Config/ConsoleVariables.ini]
[2019.11.27-10.06.08:788][  0]LogConfig: Setting CVar [[net.UseAdaptiveNetUpdateFrequency:0]]
[2019.11.27-10.06.08:788][  0]LogConfig: Setting CVar [[p.chaos.AllowCreatePhysxBodies:1]]
[2019.11.27-10.06.08:788][  0]LogConfig: Applying CVar settings from Section [ConsoleVariables] File [C:/Users/Shiftup/Documents/GitHub/UE4_Dynamic_Water_Project/Reactive_Water_V3_4-20/Saved/Config/Windows/Engine.ini]
[2019.11.27-10.06.08:788][  0]LogInit: Computer: DESKTOP-VINP6S6
[2019.11.27-10.06.08:788][  0]LogInit: User: Shiftup
[2019.11.27-10.06.08:788][  0]LogInit: CPU Page size=4096, Cores=6
[2019.11.27-10.06.08:788][  0]LogInit: High frequency timer resolution =10.000000 MHz
[2019.11.27-10.06.08:788][  0]LogMemory: Memory total: Physical=63.9GB (64GB approx)
[2019.11.27-10.06.08:788][  0]LogMemory: Platform Memory Stats for Windows
[2019.11.27-10.06.08:788][  0]LogMemory: Process Physical Memory: 112.85 MB used, 112.85 MB peak
[2019.11.27-10.06.08:788][  0]LogMemory: Process Virtual Memory: 105.81 MB used, 105.81 MB peak
[2019.11.27-10.06.08:788][  0]LogMemory: Physical Memory: 18095.70 MB used,  47377.09 MB free, 65472.80 MB total
[2019.11.27-10.06.08:788][  0]LogMemory: Virtual Memory: 5164.39 MB used,  134212560.00 MB free, 134217728.00 MB total
[2019.11.27-10.06.08:791][  0]LogWindows: WindowsPlatformFeatures enabled
[2019.11.27-10.06.08:806][  0]LogInit: Using OS detected language (ko-KR).
[2019.11.27-10.06.08:806][  0]LogInit: Using OS detected locale (ko-KR).
[2019.11.27-10.06.08:807][  0]LogTextLocalizationManager: No specific localization for 'ko-KR' exists, so the 'ko' localization will be used.
[2019.11.27-10.06.08:858][  0]LogInit: Setting process to per monitor DPI aware
[2019.11.27-10.06.08:905][  0]LogSlate: New Slate User Created.  User Index 0, Is Virtual User: 0
[2019.11.27-10.06.08:905][  0]LogSlate: Slate User Registered.  User Index 0, Is Virtual User: 0
[2019.11.27-10.06.09:050][  0]LogHMD: Failed to initialize OpenVR with code 110
[2019.11.27-10.06.09:050][  0]LogD3D11RHI: D3D11 min allowed feature level: 11_0
[2019.11.27-10.06.09:050][  0]LogD3D11RHI: D3D11 max allowed feature level: 11_0
[2019.11.27-10.06.09:050][  0]LogD3D11RHI: D3D11 adapters:
[2019.11.27-10.06.09:113][  0]LogD3D11RHI:    0. 'NVIDIA GeForce GTX 1080 Ti' (Feature Level 11_0)
[2019.11.27-10.06.09:113][  0]LogD3D11RHI:       11127/0/32736 MB DedicatedVideo/DedicatedSystem/SharedSystem, Outputs:3, VendorId:0x10de
[2019.11.27-10.06.09:116][  0]LogD3D11RHI:    1. 'Microsoft Basic Render Driver' (Feature Level 11_0)
[2019.11.27-10.06.09:116][  0]LogD3D11RHI:       0/0/32736 MB DedicatedVideo/DedicatedSystem/SharedSystem, Outputs:0, VendorId:0x1414
[2019.11.27-10.06.09:116][  0]LogD3D11RHI: Chosen D3D11 Adapter: 0
[2019.11.27-10.06.09:138][  0]LogD3D11RHI: Creating new Direct3DDevice
[2019.11.27-10.06.09:138][  0]LogD3D11RHI:     GPU DeviceId: 0x1b06 (for the marketing name, search the web for "GPU Device Id")
[2019.11.27-10.06.09:138][  0]LogWindows: EnumDisplayDevices:
[2019.11.27-10.06.09:138][  0]LogWindows:    0. 'NVIDIA GeForce GTX 1080 Ti' (P:0 D:1)
[2019.11.27-10.06.09:139][  0]LogWindows:    1. 'NVIDIA GeForce GTX 1080 Ti' (P:1 D:1)
[2019.11.27-10.06.09:139][  0]LogWindows:    2. 'NVIDIA GeForce GTX 1080 Ti' (P:0 D:1)
[2019.11.27-10.06.09:140][  0]LogWindows:    3. 'NVIDIA GeForce GTX 1080 Ti' (P:0 D:0)
[2019.11.27-10.06.09:141][  0]LogWindows: DebugString: FoundDriverCount:4 
[2019.11.27-10.06.09:141][  0]LogD3D11RHI:     Adapter Name: NVIDIA GeForce GTX 1080 Ti
[2019.11.27-10.06.09:141][  0]LogD3D11RHI:   Driver Version: 432.00 (internal:26.21.14.3200, unified:432.00)
[2019.11.27-10.06.09:141][  0]LogD3D11RHI:      Driver Date: 7-24-2019
[2019.11.27-10.06.09:141][  0]LogRHI: Texture pool is 7788 MB (70% of 11127 MB)
[2019.11.27-10.06.09:180][  0]LogD3D11RHI: RHI has support for 64 bit atomics
[2019.11.27-10.06.09:180][  0]LogD3D11RHI: Async texture creation enabled
[2019.11.27-10.06.09:191][  0]LogD3D11RHI: GPU Timing Frequency: 1000.000000 (Debug: 2 1)
[2019.11.27-10.06.09:670][  0]LogTargetPlatformManager: Display: Loaded TargetPlatform 'AllDesktop'
[2019.11.27-10.06.09:696][  0]LogTargetPlatformManager: Display: Loaded TargetPlatform 'Android'
[2019.11.27-10.06.09:696][  0]LogTargetPlatformManager: Display: Loaded TargetPlatform 'Android_ASTC'
[2019.11.27-10.06.09:696][  0]LogTargetPlatformManager: Display: Loaded TargetPlatform 'Android_ATC'
[2019.11.27-10.06.09:696][  0]LogTargetPlatformManager: Display: Loaded TargetPlatform 'Android_DXT'
[2019.11.27-10.06.09:696][  0]LogTargetPlatformManager: Display: Loaded TargetPlatform 'Android_ETC1'
[2019.11.27-10.06.09:696][  0]LogTargetPlatformManager: Display: Loaded TargetPlatform 'Android_ETC1a'
[2019.11.27-10.06.09:696][  0]LogTargetPlatformManager: Display: Loaded TargetPlatform 'Android_ETC2'
[2019.11.27-10.06.09:696][  0]LogTargetPlatformManager: Display: Loaded TargetPlatform 'Android_PVRTC'
[2019.11.27-10.06.09:696][  0]LogTargetPlatformManager: Display: Loaded TargetPlatform 'AndroidClient'
[2019.11.27-10.06.09:696][  0]LogTargetPlatformManager: Display: Loaded TargetPlatform 'Android_ASTCClient'
[2019.11.27-10.06.09:696][  0]LogTargetPlatformManager: Display: Loaded TargetPlatform 'Android_ATCClient'
[2019.11.27-10.06.09:696][  0]LogTargetPlatformManager: Display: Loaded TargetPlatform 'Android_DXTClient'
[2019.11.27-10.06.09:696][  0]LogTargetPlatformManager: Display: Loaded TargetPlatform 'Android_ETC1Client'
[2019.11.27-10.06.09:696][  0]LogTargetPlatformManager: Display: Loaded TargetPlatform 'Android_ETC1aClient'
[2019.11.27-10.06.09:696][  0]LogTargetPlatformManager: Display: Loaded TargetPlatform 'Android_ETC2Client'
[2019.11.27-10.06.09:696][  0]LogTargetPlatformManager: Display: Loaded TargetPlatform 'Android_PVRTCClient'
[2019.11.27-10.06.09:696][  0]LogTargetPlatformManager: Display: Loaded TargetPlatform 'Android_Multi'
[2019.11.27-10.06.09:696][  0]LogTargetPlatformManager: Display: Loaded TargetPlatform 'Android_MultiClient'
[2019.11.27-10.06.09:714][  0]LogTargetPlatformManager: Display: Loaded TargetPlatform 'IOSClient'
[2019.11.27-10.06.09:714][  0]LogTargetPlatformManager: Display: Loaded TargetPlatform 'IOS'
[2019.11.27-10.06.09:721][  0]LogTargetPlatformManager: Display: Loaded TargetPlatform 'LinuxNoEditor'
[2019.11.27-10.06.09:727][  0]LogTargetPlatformManager: Display: Loaded TargetPlatform 'LinuxClient'
[2019.11.27-10.06.09:733][  0]LogTargetPlatformManager: Display: Loaded TargetPlatform 'LinuxServer'
[2019.11.27-10.06.09:740][  0]LogTargetPlatformManager: Display: Loaded TargetPlatform 'LinuxAArch64NoEditor'
[2019.11.27-10.06.09:746][  0]LogTargetPlatformManager: Display: Loaded TargetPlatform 'LinuxAArch64Client'
[2019.11.27-10.06.09:752][  0]LogTargetPlatformManager: Display: Loaded TargetPlatform 'LinuxAArch64Server'
[2019.11.27-10.06.09:774][  0]LogTargetPlatformManager: Display: Loaded TargetPlatform 'Lumin'
[2019.11.27-10.06.09:774][  0]LogTargetPlatformManager: Display: Loaded TargetPlatform 'LuminClient'
[2019.11.27-10.06.09:786][  0]LogTargetPlatformManager: Display: Loaded TargetPlatform 'TVOSClient'
[2019.11.27-10.06.09:786][  0]LogTargetPlatformManager: Display: Loaded TargetPlatform 'TVOS'
[2019.11.27-10.06.09:792][  0]LogTargetPlatformManager: Display: Loaded TargetPlatform 'WindowsNoEditor'
[2019.11.27-10.06.09:799][  0]LogTargetPlatformManager: Display: Loaded TargetPlatform 'Windows'
[2019.11.27-10.06.09:805][  0]LogTargetPlatformManager: Display: Loaded TargetPlatform 'WindowsClient'
[2019.11.27-10.06.09:811][  0]LogTargetPlatformManager: Display: Loaded TargetPlatform 'WindowsServer'
[2019.11.27-10.06.09:811][  0]LogTargetPlatformManager: Display: Building Assets For Windows
[2019.11.27-10.06.09:815][  0]LogAudioDebug: Display: Lib vorbis DLL was dynamically loaded.
[2019.11.27-10.06.09:838][  0]LogShaderCompilers: Guid format shader working directory is -51 characters bigger than the processId version (../../../../../../Users/Shiftup/Documents/GitHub/UE4_Dynamic_Water_Project/Reactive_Water_V3_4-20/Intermediate/Shaders/WorkingDirectory/104308/).
[2019.11.27-10.06.09:838][  0]LogShaderCompilers: Cleaned the shader compiler working directory 'C:/Users/Shiftup/AppData/Local/Temp/UnrealShaderWorkingDir/C361645D4BBEC4CB2198DA9690D18A98/'.
[2019.11.27-10.06.09:839][  0]LogXGEController: Cannot use XGE Controller as Incredibuild is not installed on this machine.
[2019.11.27-10.06.09:839][  0]LogShaderCompilers: Cannot use XGE Shader Compiler as Incredibuild is not installed on this machine.
[2019.11.27-10.06.09:839][  0]LogShaderCompilers: Display: Using Local Shader Compiler.
[2019.11.27-10.06.10:418][  0]LogDerivedDataCache: Display: Max Cache Size: 512 MB
[2019.11.27-10.06.10:473][  0]LogDerivedDataCache: Loaded boot cache 0.05s 124MB C:/Users/Shiftup/AppData/Local/UnrealEngine/4.24/DerivedDataCache/Boot.ddc.
[2019.11.27-10.06.10:473][  0]LogDerivedDataCache: Display: Loaded Boot cache: C:/Users/Shiftup/AppData/Local/UnrealEngine/4.24/DerivedDataCache/Boot.ddc
[2019.11.27-10.06.10:473][  0]LogDerivedDataCache: FDerivedDataBackendGraph:  Pak pak cache file ../../../../../../Users/Shiftup/Documents/GitHub/UE4_Dynamic_Water_Project/Reactive_Water_V3_4-20/DerivedDataCache/DDC.ddp not found, will not use a pak cache.
[2019.11.27-10.06.10:473][  0]LogDerivedDataCache: Unable to find inner node Pak for hierarchical cache Hierarchy.
[2019.11.27-10.06.10:473][  0]LogDerivedDataCache: FDerivedDataBackendGraph:  CompressedPak pak cache file ../../../../../../Users/Shiftup/Documents/GitHub/UE4_Dynamic_Water_Project/Reactive_Water_V3_4-20/DerivedDataCache/Compressed.ddp not found, will not use a pak cache.
[2019.11.27-10.06.10:473][  0]LogDerivedDataCache: Unable to find inner node CompressedPak for hierarchical cache Hierarchy.
[2019.11.27-10.06.10:480][  0]LogDerivedDataCache: Display: Pak cache opened for reading ../../../Engine/DerivedDataCache/Compressed.ddp.
[2019.11.27-10.06.10:480][  0]LogDerivedDataCache: FDerivedDataBackendGraph:  EnterprisePak pak cache file ../../../Enterprise/DerivedDataCache/Compressed.ddp not found, will not use a pak cache.
[2019.11.27-10.06.10:480][  0]LogDerivedDataCache: Unable to find inner node EnterprisePak for hierarchical cache Hierarchy.
[2019.11.27-10.06.10:482][  0]LogDerivedDataCache: Using Local data cache path C:/Users/Shiftup/AppData/Local/UnrealEngine/Common/DerivedDataCache: Writable
[2019.11.27-10.06.10:482][  0]LogDerivedDataCache: Shared data cache path not found in *engine.ini, will not use an Shared cache.
[2019.11.27-10.06.10:482][  0]LogDerivedDataCache: Unable to find inner node Shared for hierarchical cache Hierarchy.
[2019.11.27-10.06.10:502][  0]LogMaterial: Verifying Global Shaders for PCD3D_SM5
[2019.11.27-10.06.10:504][  0]LogSlate: Using FreeType 2.10.0
[2019.11.27-10.06.10:504][  0]LogSlate: SlateFontServices - WITH_FREETYPE: 1, WITH_HARFBUZZ: 1
[2019.11.27-10.06.10:548][  0]LogAssetRegistry: FAssetRegistry took 0.0020 seconds to start up
[2019.11.27-10.06.10:766][  0]LogInit: Selected Device Profile: [Windows]
[2019.11.27-10.06.10:899][  0]LogMeshReduction: Using QuadricMeshReduction for automatic static mesh reduction
[2019.11.27-10.06.10:899][  0]LogMeshReduction: Using SimplygonMeshReduction for automatic skeletal mesh reduction
[2019.11.27-10.06.10:899][  0]LogMeshReduction: Using ProxyLODMeshReduction for automatic mesh merging
[2019.11.27-10.06.10:899][  0]LogMeshReduction: No distributed automatic mesh merging module available
[2019.11.27-10.06.10:899][  0]LogMeshMerging: No distributed automatic mesh merging module available
[2019.11.27-10.06.10:917][  0]LogNetVersion: Reactive_Water 1.0.0, NetCL: 10283392, EngineNetVer: 13, GameNetVer: 0 (Checksum: 1635456887)
[2019.11.27-10.06.10:956][  0]LogInput: Warning: Action Jump uses deprecated key MotionController_Left_Trigger.
[2019.11.27-10.06.10:956][  0]LogInput: Warning: Action ResetVR uses deprecated key MotionController_Left_Grip1.
[2019.11.27-10.06.10:956][  0]LogInput: Warning: Action Jump uses deprecated key MotionController_Right_Trigger.
[2019.11.27-10.06.10:956][  0]LogInput: Warning: Axis MoveForward uses deprecated key MotionController_Left_Thumbstick_Y.
[2019.11.27-10.06.10:956][  0]LogInput: Warning: Axis MoveRight uses deprecated key MotionController_Left_Thumbstick_X.
[2019.11.27-10.06.10:956][  0]LogInput: Warning: Axis TurnRate uses deprecated key MotionController_Right_Thumbstick_X.
[2019.11.27-10.06.11:835][  0]LogPackageLocalizationCache: Processed 10 localized package path(s) for 1 prioritized culture(s) in 0.034200 seconds
[2019.11.27-10.06.11:840][  0]LogUObjectArray: 46741 objects as part of root set at end of initial load.
[2019.11.27-10.06.11:840][  0]LogUObjectAllocator: 8134920 out of 0 bytes used by permanent object pool.
[2019.11.27-10.06.11:840][  0]LogUObjectArray: CloseDisregardForGC: 0/0 objects in disregard for GC pool
[2019.11.27-10.06.12:206][  0]LogTcpMessaging: Initializing TcpMessaging bridge
[2019.11.27-10.06.12:208][  0]LogUdpMessaging: Initializing bridge on interface 0.0.0.0:0 to multicast group 230.0.0.1:6666.
[2019.11.27-10.06.12:266][  0]SourceControl: 소스 컨트롤이 꺼졌습니다.
[2019.11.27-10.06.12:266][  0]SourceControl: 소스 컨트롤이 꺼졌습니다.
[2019.11.27-10.06.12:268][  0]SourceControl: 소스 컨트롤이 꺼졌습니다.
[2019.11.27-10.06.12:269][  0]SourceControl: 소스 컨트롤이 꺼졌습니다.
[2019.11.27-10.06.12:269][  0]SourceControl: 소스 컨트롤이 꺼졌습니다.
[2019.11.27-10.06.12:362][  0]LogAndroidPermission: UAndroidPermissionCallbackProxy::GetInstance
[2019.11.27-10.06.12:372][  0]LogAudioCaptureCore: Display: No Audio Capture implementations found. Audio input will be silent.
[2019.11.27-10.06.12:372][  0]LogAudioCaptureCore: Display: No Audio Capture implementations found. Audio input will be silent.
[2019.11.27-10.06.12:451][  0]LogOcInput: OculusInput pre-init called
[2019.11.27-10.06.12:459][  0]LogWindows: Failed to load 'OVRPlugin.dll' (GetLastError=126)
[2019.11.27-10.06.12:459][  0]LogWindows: File 'OVRPlugin.dll' does not exist
[2019.11.27-10.06.12:537][  0]LogEngine: Initializing Engine...
[2019.11.27-10.06.12:538][  0]LogHMD: Failed to initialize OpenVR with code 110
[2019.11.27-10.06.12:539][  0]LogStats: UGameplayTagsManager::InitializeManager -  0.000 s
[2019.11.27-10.06.12:871][  0]LogInit: Initializing FReadOnlyCVARCache
[2019.11.27-10.06.12:877][  0]LogAIModule: Creating AISystem for world Untitled
[2019.11.27-10.06.12:883][  0]LogAudioMixer: Display: Audio Mixer Platform Settings:
[2019.11.27-10.06.12:883][  0]LogAudioMixer: Display: 	Sample Rate:						  48000
[2019.11.27-10.06.12:883][  0]LogAudioMixer: Display: 	Callback Buffer Frame Size Requested: 1024
[2019.11.27-10.06.12:883][  0]LogAudioMixer: Display: 	Callback Buffer Frame Size To Use:	  1024
[2019.11.27-10.06.12:883][  0]LogAudioMixer: Display: 	Number of buffers to queue:			  2
[2019.11.27-10.06.12:883][  0]LogAudioMixer: Display: 	Max Channels (voices):				  32
[2019.11.27-10.06.12:883][  0]LogAudioMixer: Display: 	Number of Async Source Workers:		  0
[2019.11.27-10.06.12:883][  0]LogAudio: Display: AudioDevice MaxSources: 32
[2019.11.27-10.06.12:883][  0]LogAudio: Display: Using built-in audio occlusion.
[2019.11.27-10.06.12:883][  0]LogAudioMixer: Display: Initializing audio mixer.
[2019.11.27-10.06.12:927][  0]LogAudioMixer: Display: Audio Device Output Speaker Info:
[2019.11.27-10.06.12:927][  0]LogAudioMixer: Display: Name: 스피커(High Definition Audio Device)
[2019.11.27-10.06.12:927][  0]LogAudioMixer: Display: Is Default: Yes
[2019.11.27-10.06.12:927][  0]LogAudioMixer: Display: Sample Rate: 48000
[2019.11.27-10.06.12:927][  0]LogAudioMixer: Display: Channel Count Used: 2
[2019.11.27-10.06.12:927][  0]LogAudioMixer: Display: Device Channel Count: 2
[2019.11.27-10.06.12:927][  0]LogAudioMixer: Display: Channel Order:
[2019.11.27-10.06.12:927][  0]LogAudioMixer: Display: 0: FrontLeft
[2019.11.27-10.06.12:927][  0]LogAudioMixer: Display: 1: FrontRight
[2019.11.27-10.06.12:958][  0]LogAudioMixer: Display: Using Audio Device 스피커(High Definition Audio Device)
[2019.11.27-10.06.12:962][  0]LogInit: FAudioDevice initialized.
[2019.11.27-10.06.12:962][  0]LogNetVersion: Set ProjectVersion to 1.0.0.0. Version Checksum will be recalculated on next use.
[2019.11.27-10.06.13:041][  0]LogDerivedDataCache: Saved boot cache 0.08s 99MB C:/Users/Shiftup/AppData/Local/UnrealEngine/4.24/DerivedDataCache/Boot.ddc.
[2019.11.27-10.06.13:044][  0]LogInit: Texture streaming: Enabled
[2019.11.27-10.06.13:055][  0]LogEngineSessionManager: EngineSessionManager initialized
[2019.11.27-10.06.13:055][  0]LogEditorSessionSummary: Verbose: Initializing EditorSessionSummaryWriter for editor session tracking
[2019.11.27-10.06.13:062][  0]LogEditorSessionSummary: EditorSessionSummaryWriter initialized
[2019.11.27-10.06.13:138][  0]LogInit: Transaction tracking system initialized
[2019.11.27-10.06.13:150][  0]BlueprintLog: New page: 에디터 로드
[2019.11.27-10.06.13:182][  0]LocalizationService: 현지화 서비스가 비활성화되었습니다.
[2019.11.27-10.06.13:430][  0]LogFileCache: Scanning file cache for directory 'C:/Users/Shiftup/Documents/GitHub/UE4_Dynamic_Water_Project/Reactive_Water_V3_4-20/Content/' took 0.00s
[2019.11.27-10.06.13:430][  0]LogCook: Display: Max memory allowance for cook 16384mb min free memory 0mb
[2019.11.27-10.06.13:430][  0]LogCook: Display: Mobile HDR setting 1
[2019.11.27-10.06.14:077][  0]SourceControl: 소스 컨트롤이 꺼졌습니다.
[2019.11.27-10.06.14:078][  0]LightingResults: New page: 라이팅 빌드
[2019.11.27-10.06.14:078][  0]LogWorld: UWorld::CleanupWorld for Untitled, bSessionEnded=true, bCleanupResources=true
[2019.11.27-10.06.14:078][  0]LogSlate: InvalidateAllWidgets triggered.  All widgets were invalidated
[2019.11.27-10.06.14:079][  0]MapCheck: New page: 맵 체크
[2019.11.27-10.06.14:079][  0]LightingResults: New page: 라이팅 빌드
[2019.11.27-10.06.14:107][  0]LogUObjectHash: Compacting FUObjectHashTables data took   1.35ms
[2019.11.27-10.06.14:296][  0]LogLinker: Warning: '../../../../../../Users/Shiftup/Documents/GitHub/UE4_Dynamic_Water_Project/Reactive_Water_V3_4-20/Content/_Marvelmaster_infinite_reactive_water_/Blueprints/passive/GlobalUpdater_BP.uasset' 로드 도중 '/Game/ExampleContent/BlueprintFluidSurface/Height0' 로드에 실패했습니다: 파일을 찾을 수 없습니다.
[2019.11.27-10.06.14:296][  0]LogLinker: Warning: '../../../../../../Users/Shiftup/Documents/GitHub/UE4_Dynamic_Water_Project/Reactive_Water_V3_4-20/Content/_Marvelmaster_infinite_reactive_water_/Blueprints/passive/GlobalUpdater_BP.uasset' 로드 도중 '/Game/ExampleContent/BlueprintFluidSurface/Height0' 로드에 실패했습니다: 파일을 찾을 수 없습니다.
[2019.11.27-10.06.14:296][  0]LogUObjectGlobals: Warning: 'Object /Game/ExampleContent/BlueprintFluidSurface/Height0.Height0' 오브젝트를 찾는 데 실패했습니다.
[2019.11.27-10.06.14:296][  0]LogLinker: Warning: '../../../../../../Users/Shiftup/Documents/GitHub/UE4_Dynamic_Water_Project/Reactive_Water_V3_4-20/Content/_Marvelmaster_infinite_reactive_water_/Blueprints/passive/GlobalUpdater_BP.uasset' 로드 도중 '/Game/ExampleContent/BlueprintFluidSurface/Height2' 로드에 실패했습니다: 파일을 찾을 수 없습니다.
[2019.11.27-10.06.14:296][  0]LogLinker: Warning: '../../../../../../Users/Shiftup/Documents/GitHub/UE4_Dynamic_Water_Project/Reactive_Water_V3_4-20/Content/_Marvelmaster_infinite_reactive_water_/Blueprints/passive/GlobalUpdater_BP.uasset' 로드 도중 '/Game/ExampleContent/BlueprintFluidSurface/Height2' 로드에 실패했습니다: 파일을 찾을 수 없습니다.
[2019.11.27-10.06.14:296][  0]LogUObjectGlobals: Warning: 'Object /Game/ExampleContent/BlueprintFluidSurface/Height2.Height2' 오브젝트를 찾는 데 실패했습니다.
[2019.11.27-10.06.14:297][  0]LogLinker: Warning: '../../../../../../Users/Shiftup/Documents/GitHub/UE4_Dynamic_Water_Project/Reactive_Water_V3_4-20/Content/_Marvelmaster_infinite_reactive_water_/Blueprints/passive/GlobalUpdater_BP.uasset' 로드 도중 '/Game/ExampleContent/BlueprintFluidSurface/Height1' 로드에 실패했습니다: 파일을 찾을 수 없습니다.
[2019.11.27-10.06.14:297][  0]LogLinker: Warning: '../../../../../../Users/Shiftup/Documents/GitHub/UE4_Dynamic_Water_Project/Reactive_Water_V3_4-20/Content/_Marvelmaster_infinite_reactive_water_/Blueprints/passive/GlobalUpdater_BP.uasset' 로드 도중 '/Game/ExampleContent/BlueprintFluidSurface/Height1' 로드에 실패했습니다: 파일을 찾을 수 없습니다.
[2019.11.27-10.06.14:297][  0]LogUObjectGlobals: Warning: 'Object /Game/ExampleContent/BlueprintFluidSurface/Height1.Height1' 오브젝트를 찾는 데 실패했습니다.
[2019.11.27-10.06.14:905][  0]LogAIModule: Creating AISystem for world ReactiveWater_Giant
[2019.11.27-10.06.14:915][  0]LogEditorServer: Finished looking for orphan Actors (0.000 secs)
[2019.11.27-10.06.14:943][  0]LogUObjectHash: Compacting FUObjectHashTables data took   1.96ms
[2019.11.27-10.06.14:943][  0]Cmd: MAP CHECKDEP NOCLEARLOG
[2019.11.27-10.06.14:943][  0]MapCheck: 맵 체크 완료: 오류 0 회, 경고 0 회, 소요 시간 0.161ms.
[2019.11.27-10.06.14:943][  0]LogFileHelpers: Loading map 'ReactiveWater_Giant' took 0.867
[2019.11.27-10.06.15:132][  0]LogSlate: Updating window title bar state: overlay mode, drag disabled, window buttons hidden, title bar hidden
[2019.11.27-10.06.15:139][  0]LogSlate: Updating window title bar state: overlay mode, drag disabled, window buttons hidden, title bar hidden
[2019.11.27-10.06.15:144][  0]LogSlate: Updating window title bar state: overlay mode, drag disabled, window buttons hidden, title bar hidden
[2019.11.27-10.06.15:149][  0]LogSlate: Updating window title bar state: overlay mode, drag disabled, window buttons hidden, title bar hidden
[2019.11.27-10.06.15:228][  0]LogCollectionManager: Loaded 0 collections in 0.001542 seconds
[2019.11.27-10.06.15:254][  0]LogFileCache: Scanning file cache for directory 'C:/Users/Shiftup/Documents/GitHub/UE4_Dynamic_Water_Project/Reactive_Water_V3_4-20/Saved/Collections/' took 0.00s
[2019.11.27-10.06.15:254][  0]LogFileCache: Scanning file cache for directory 'C:/Users/Shiftup/Documents/GitHub/UE4_Dynamic_Water_Project/Reactive_Water_V3_4-20/Content/Developers/Shiftup/Collections/' took 0.00s
[2019.11.27-10.06.15:254][  0]LogFileCache: Scanning file cache for directory 'C:/Users/Shiftup/Documents/GitHub/UE4_Dynamic_Water_Project/Reactive_Water_V3_4-20/Content/Collections/' took 0.00s
[2019.11.27-10.06.15:254][  0]LogContentBrowser: Native class hierarchy populated in 0.0066 seconds. Added 3019 classes and 723 folders.
[2019.11.27-10.06.15:263][  0]LogContentBrowser: Native class hierarchy updated for 'WidgetCarousel' in 0.0002 seconds. Added 0 classes and 0 folders.
[2019.11.27-10.06.15:387][  0]LogContentBrowser: Native class hierarchy updated for 'AddContentDialog' in 0.0002 seconds. Added 0 classes and 0 folders.
[2019.11.27-10.06.15:552][  0]LogSlate: Took 0.000173 seconds to synchronously load lazily loaded font '../../../Engine/Content/Slate/Fonts/Roboto-Regular.ttf' (155K)
[2019.11.27-10.06.15:554][  0]LogSlate: Took 0.001349 seconds to synchronously load lazily loaded font '../../../Engine/Content/Editor/Slate/Fonts/NanumGothic.ttf' (4243K)
[2019.11.27-10.06.15:556][  0]LogSlate: Took 0.001293 seconds to synchronously load lazily loaded font '../../../Engine/Content/Editor/Slate/Fonts/NanumGothicBold.ttf' (4188K)
[2019.11.27-10.06.15:556][  0]LogSlate: Took 0.000134 seconds to synchronously load lazily loaded font '../../../Engine/Content/Slate/Fonts/Roboto-Bold.ttf' (160K)
[2019.11.27-10.06.15:563][  0]LogSlate: Took 0.000728 seconds to synchronously load lazily loaded font '../../../Engine/Content/Editor/Slate/Fonts/FontAwesome.ttf' (139K)
[2019.11.27-10.06.15:618][  0]LogRenderer: Reallocating scene render targets to support 1024x1024 Format 10 NumSamples 1 (Frame:1).
[2019.11.27-10.06.15:631][  0]LogRenderer: Reallocating scene render targets to support 1216x1024 Format 10 NumSamples 1 (Frame:1).
[2019.11.27-10.06.15:642][  0]LogRenderer: Reallocating scene render targets to support 2428x2020 Format 10 NumSamples 1 (Frame:1).
[2019.11.27-10.06.15:774][  0]LogSlate: Window '튜토리얼' being destroyed
[2019.11.27-10.06.15:784][  0]LogContentBrowser: Native class hierarchy updated for 'HierarchicalLODOutliner' in 0.0002 seconds. Added 0 classes and 0 folders.
[2019.11.27-10.06.15:784][  0]LogLoad: (Engine Initialization) Total time: 8.29 seconds
[2019.11.27-10.06.15:784][  0]LogLoad: (Engine Initialization) Total Blueprint compile time: 0.00 seconds
[2019.11.27-10.06.15:823][  0]LogAssetRegistry: Asset discovery search completed in 5.2762 seconds
[2019.11.27-10.06.15:826][  0]LogCollectionManager: Fixed up redirectors for 0 collections in 0.000006 seconds (updated 0 objects)
[2019.11.27-10.06.15:827][  0]LogContentStreaming: Texture pool size now 1000 MB
[2019.11.27-10.06.22:112][664]LogTemp: Repeating last play command: 선택된 뷰포트
[2019.11.27-10.06.22:135][664]LogBlueprintUserMessages: Early PlayInEditor Detection: Level '/Game/_Marvelmaster_infinite_reactive_water_/Maps/ReactiveWater_Giant.ReactiveWater_Giant:PersistentLevel' has LevelScriptBlueprint '/Game/_Marvelmaster_infinite_reactive_water_/Maps/ReactiveWater_Giant.ReactiveWater_Giant:PersistentLevel.ReactiveWater_Giant' with GeneratedClass '/Game/_Marvelmaster_infinite_reactive_water_/Maps/ReactiveWater_Giant.ReactiveWater_Giant_C' with ClassGeneratedBy '/Game/_Marvelmaster_infinite_reactive_water_/Maps/ReactiveWater_Giant.ReactiveWater_Giant:PersistentLevel.ReactiveWater_Giant'
[2019.11.27-10.06.22:135][664]LogPlayLevel: PlayLevel: No blueprints needed recompiling
[2019.11.27-10.06.22:138][664]PIE: New page: PIE 세션: ReactiveWater_Giant (2019. 11. 28. 오전 4:06:22)
[2019.11.27-10.06.22:139][664]LogOnline: OSS: Creating online subsystem instance for: NULL
[2019.11.27-10.06.22:140][664]LogOnline: OSS: TryLoadSubsystemAndSetDefault: Loaded subsystem for module [NULL]
[2019.11.27-10.06.22:141][664]LogPlayLevel: Creating play world package: /Game/_Marvelmaster_infinite_reactive_water_/Maps/UEDPIE_0_ReactiveWater_Giant
[2019.11.27-10.06.22:143][664]LogPlayLevel: PIE: StaticDuplicateObject took: (0.002571s)
[2019.11.27-10.06.22:144][664]LogAIModule: Creating AISystem for world ReactiveWater_Giant
[2019.11.27-10.06.22:144][664]LogPlayLevel: PIE: World Init took: (0.000792s)
[2019.11.27-10.06.22:144][664]LogPlayLevel: PIE: Created PIE world by copying editor world from /Game/_Marvelmaster_infinite_reactive_water_/Maps/ReactiveWater_Giant.ReactiveWater_Giant to /Game/_Marvelmaster_infinite_reactive_water_/Maps/UEDPIE_0_ReactiveWater_Giant.ReactiveWater_Giant (0.003567s)
[2019.11.27-10.06.22:169][664]LogUObjectHash: Compacting FUObjectHashTables data took   1.26ms
[2019.11.27-10.06.22:169][664]LogAudioMixer: Display: Audio Mixer Platform Settings:
[2019.11.27-10.06.22:169][664]LogAudioMixer: Display: 	Sample Rate:						  48000
[2019.11.27-10.06.22:169][664]LogAudioMixer: Display: 	Callback Buffer Frame Size Requested: 1024
[2019.11.27-10.06.22:169][664]LogAudioMixer: Display: 	Callback Buffer Frame Size To Use:	  1024
[2019.11.27-10.06.22:170][664]LogAudioMixer: Display: 	Number of buffers to queue:			  2
[2019.11.27-10.06.22:170][664]LogAudioMixer: Display: 	Max Channels (voices):				  32
[2019.11.27-10.06.22:170][664]LogAudioMixer: Display: 	Number of Async Source Workers:		  0
[2019.11.27-10.06.22:170][664]LogAudio: Display: AudioDevice MaxSources: 32
[2019.11.27-10.06.22:170][664]LogAudio: Display: Using built-in audio occlusion.
[2019.11.27-10.06.22:170][664]LogAudioMixer: Display: Initializing audio mixer.
[2019.11.27-10.06.22:207][664]LogAudioMixer: Display: Audio Device Output Speaker Info:
[2019.11.27-10.06.22:207][664]LogAudioMixer: Display: Name: 스피커(High Definition Audio Device)
[2019.11.27-10.06.22:207][664]LogAudioMixer: Display: Is Default: Yes
[2019.11.27-10.06.22:207][664]LogAudioMixer: Display: Sample Rate: 48000
[2019.11.27-10.06.22:207][664]LogAudioMixer: Display: Channel Count Used: 2
[2019.11.27-10.06.22:207][664]LogAudioMixer: Display: Device Channel Count: 2
[2019.11.27-10.06.22:207][664]LogAudioMixer: Display: Channel Order:
[2019.11.27-10.06.22:207][664]LogAudioMixer: Display: 0: FrontLeft
[2019.11.27-10.06.22:207][664]LogAudioMixer: Display: 1: FrontRight
[2019.11.27-10.06.22:227][664]LogAudioMixer: Display: Using Audio Device 스피커(High Definition Audio Device)
[2019.11.27-10.06.22:228][664]LogInit: FAudioDevice initialized.
[2019.11.27-10.06.22:233][664]LogLoad: Game class is 'WaterTPGameMode_C'
[2019.11.27-10.06.22:236][664]LogWorld: Bringing World /Game/_Marvelmaster_infinite_reactive_water_/Maps/UEDPIE_0_ReactiveWater_Giant.ReactiveWater_Giant up for play (max tick rate 0) at 2019.11.27-19.06.22
[2019.11.27-10.06.22:236][664]LogWorld: Bringing up level for play took: 0.000594
[2019.11.27-10.06.22:236][664]LogOnline: OSS: Creating online subsystem instance for: :Context_2
[2019.11.27-10.06.22:246][664]LogContentBrowser: Native class hierarchy updated for 'MovieSceneCapture' in 0.0003 seconds. Added 20 classes and 0 folders.
[2019.11.27-10.06.22:274][664]Cmd: disableallscreenmessages
[2019.11.27-10.06.22:276][664]LogEngine: Onscreen warnings/messages are now DISABLED
[2019.11.27-10.06.22:276][664]PIE: /Game/_Marvelmaster_infinite_reactive_water_/Maps/UEDPIE_0_ReactiveWater_Giant 에 대한 에디터에서 플레이 시작 시간: -0.839
[2019.11.27-10.06.22:276][664]LogBlueprintUserMessages: Late PlayInEditor Detection: Level '/Game/_Marvelmaster_infinite_reactive_water_/Maps/ReactiveWater_Giant.ReactiveWater_Giant:PersistentLevel' has LevelScriptBlueprint '/Game/_Marvelmaster_infinite_reactive_water_/Maps/ReactiveWater_Giant.ReactiveWater_Giant:PersistentLevel.ReactiveWater_Giant' with GeneratedClass '/Game/_Marvelmaster_infinite_reactive_water_/Maps/ReactiveWater_Giant.ReactiveWater_Giant_C' with ClassGeneratedBy '/Game/_Marvelmaster_infinite_reactive_water_/Maps/ReactiveWater_Giant.ReactiveWater_Giant:PersistentLevel.ReactiveWater_Giant'
[2019.11.27-10.49.05:426][316]LogAudioMixer: Warning: Changing default audio render device to new device: {0.0.0.00000000}.{527e701a-dd96-4f18-af08-dc5dd3de4536}.
[2019.11.27-10.49.05:426][316]LogAudioMixer: Warning: Changing default audio render device to new device: {0.0.0.00000000}.{527e701a-dd96-4f18-af08-dc5dd3de4536}.
[2019.11.27-10.49.05:426][316]LogTemp: Resetting audio stream to device id 
[2019.11.27-10.49.05:533][316]LogAudioMixer: Display: Audio Device Output Speaker Info:
[2019.11.27-10.49.05:533][316]LogAudioMixer: Display: Name: 스피커(High Definition Audio Device)
[2019.11.27-10.49.05:533][316]LogAudioMixer: Display: Is Default: Yes
[2019.11.27-10.49.05:533][316]LogAudioMixer: Display: Sample Rate: 48000
[2019.11.27-10.49.05:533][316]LogAudioMixer: Display: Channel Count Used: 2
[2019.11.27-10.49.05:533][316]LogAudioMixer: Display: Device Channel Count: 2
[2019.11.27-10.49.05:533][316]LogAudioMixer: Display: Channel Order:
[2019.11.27-10.49.05:533][316]LogAudioMixer: Display: 0: FrontLeft
[2019.11.27-10.49.05:533][316]LogAudioMixer: Display: 1: FrontRight
[2019.11.27-10.49.05:655][316]LogTemp: Resetting audio stream to device id 
[2019.11.27-10.49.05:764][316]LogAudioMixer: Display: Audio Device Output Speaker Info:
[2019.11.27-10.49.05:764][316]LogAudioMixer: Display: Name: 스피커(High Definition Audio Device)
[2019.11.27-10.49.05:764][316]LogAudioMixer: Display: Is Default: Yes
[2019.11.27-10.49.05:764][316]LogAudioMixer: Display: Sample Rate: 48000
[2019.11.27-10.49.05:764][316]LogAudioMixer: Display: Channel Count Used: 2
[2019.11.27-10.49.05:764][316]LogAudioMixer: Display: Device Channel Count: 2
[2019.11.27-10.49.05:764][316]LogAudioMixer: Display: Channel Order:
[2019.11.27-10.49.05:764][316]LogAudioMixer: Display: 0: FrontLeft
[2019.11.27-10.49.05:764][316]LogAudioMixer: Display: 1: FrontRight
[2019.11.27-10.49.25:479][567]LogAudioMixer: Warning: Changing default audio render device to new device: {0.0.0.00000000}.{3ef29eee-88ac-448a-bab5-5eb1e374bd6a}.
[2019.11.27-10.49.25:479][567]LogAudioMixer: Warning: Changing default audio render device to new device: {0.0.0.00000000}.{3ef29eee-88ac-448a-bab5-5eb1e374bd6a}.
[2019.11.27-10.49.25:566][567]LogTemp: Resetting audio stream to device id 
[2019.11.27-10.49.25:660][567]LogAudioMixer: Display: Audio Device Output Speaker Info:
[2019.11.27-10.49.25:660][567]LogAudioMixer: Display: Name: 스피커(High Definition Audio Device)
[2019.11.27-10.49.25:660][567]LogAudioMixer: Display: Is Default: Yes
[2019.11.27-10.49.25:660][567]LogAudioMixer: Display: Sample Rate: 48000
[2019.11.27-10.49.25:660][567]LogAudioMixer: Display: Channel Count Used: 2
[2019.11.27-10.49.25:660][567]LogAudioMixer: Display: Device Channel Count: 2
[2019.11.27-10.49.25:660][567]LogAudioMixer: Display: Channel Order:
[2019.11.27-10.49.25:660][567]LogAudioMixer: Display: 0: FrontLeft
[2019.11.27-10.49.25:661][567]LogAudioMixer: Display: 1: FrontRight
[2019.11.27-10.49.25:750][567]LogTemp: Resetting audio stream to device id 
[2019.11.27-10.49.25:830][567]LogAudioMixer: Display: Audio Device Output Speaker Info:
[2019.11.27-10.49.25:830][567]LogAudioMixer: Display: Name: 스피커(High Definition Audio Device)
[2019.11.27-10.49.25:830][567]LogAudioMixer: Display: Is Default: Yes
[2019.11.27-10.49.25:830][567]LogAudioMixer: Display: Sample Rate: 48000
[2019.11.27-10.49.25:830][567]LogAudioMixer: Display: Channel Count Used: 2
[2019.11.27-10.49.25:830][567]LogAudioMixer: Display: Device Channel Count: 2
[2019.11.27-10.49.25:830][567]LogAudioMixer: Display: Channel Order:
[2019.11.27-10.49.25:831][567]LogAudioMixer: Display: 0: FrontLeft
[2019.11.27-10.49.25:831][567]LogAudioMixer: Display: 1: FrontRight
[2019.11.27-10.57.50:254][385]LogAudioMixer: Display: No commands were queued while flushing the source manager.
[2019.11.27-10.57.50:254][385]LogAudioMixer: Display: No commands were queued while flushing the source manager.
[2019.11.27-10.57.50:254][385]LogBlueprintUserMessages: Early EndPlayMap Detection: Level '/Game/_Marvelmaster_infinite_reactive_water_/Maps/ReactiveWater_Giant.ReactiveWater_Giant:PersistentLevel' has LevelScriptBlueprint '/Game/_Marvelmaster_infinite_reactive_water_/Maps/ReactiveWater_Giant.ReactiveWater_Giant:PersistentLevel.ReactiveWater_Giant' with GeneratedClass '/Game/_Marvelmaster_infinite_reactive_water_/Maps/ReactiveWater_Giant.ReactiveWater_Giant_C' with ClassGeneratedBy '/Game/_Marvelmaster_infinite_reactive_water_/Maps/ReactiveWater_Giant.ReactiveWater_Giant:PersistentLevel.ReactiveWater_Giant'
[2019.11.27-10.57.50:254][385]LogSlate: Updating window title bar state: overlay mode, drag disabled, window buttons hidden, title bar hidden
[2019.11.27-10.57.50:254][385]LogWorld: BeginTearingDown for /Game/_Marvelmaster_infinite_reactive_water_/Maps/UEDPIE_0_ReactiveWater_Giant
[2019.11.27-10.57.50:254][385]LogAudioMixer: Display: No commands were queued while flushing the source manager.
[2019.11.27-10.57.50:254][385]LogWorld: UWorld::CleanupWorld for ReactiveWater_Giant, bSessionEnded=true, bCleanupResources=true
[2019.11.27-10.57.50:254][385]LogSlate: InvalidateAllWidgets triggered.  All widgets were invalidated
[2019.11.27-10.57.50:277][385]LogPlayLevel: Display: Shutting down PIE online subsystems
[2019.11.27-10.57.50:277][385]LogBlueprintUserMessages: Late EndPlayMap Detection: Level '/Game/_Marvelmaster_infinite_reactive_water_/Maps/ReactiveWater_Giant.ReactiveWater_Giant:PersistentLevel' has LevelScriptBlueprint '/Game/_Marvelmaster_infinite_reactive_water_/Maps/ReactiveWater_Giant.ReactiveWater_Giant:PersistentLevel.ReactiveWater_Giant' with GeneratedClass '/Game/_Marvelmaster_infinite_reactive_water_/Maps/ReactiveWater_Giant.ReactiveWater_Giant_C' with ClassGeneratedBy '/Game/_Marvelmaster_infinite_reactive_water_/Maps/ReactiveWater_Giant.ReactiveWater_Giant:PersistentLevel.ReactiveWater_Giant'
[2019.11.27-10.57.50:280][385]LogSlate: InvalidateAllWidgets triggered.  All widgets were invalidated
[2019.11.27-10.57.50:300][385]LogAudioMixer: Display: No commands were queued while flushing the source manager.
[2019.11.27-10.57.50:306][385]LogSlate: Updating window title bar state: overlay mode, drag disabled, window buttons hidden, title bar hidden
[2019.11.27-10.57.50:308][385]LogUObjectHash: Compacting FUObjectHashTables data took   1.51ms
[2019.11.27-10.57.50:405][387]LogPlayLevel: Display: Destroying online subsystem :Context_2
